This is pdfTeX, Version 3.141592653-2.6-1.40.28 (MiKTeX 25.12) (preloaded format=pdflatex 2026.7.5)  5 JUL 2026 22:56
entering extended mode
 restricted \write18 enabled.
 %&-line parsing enabled.
**./ws-ijcm.tex
(ws-ijcm.tex
LaTeX2e <2025-11-01>
L3 programming layer <2025-12-24>
(ws-ijcm.cls
Document Class: ws-ijcm 2024/12/09 v1.5g Standardized LaTeX document class
\trimheight=\dimen148
\trimwidth=\dimen149
\typeheight=\dimen150
\typewidth=\dimen151
\wsdraftrule=\dimen152
\tempdimen=\dimen153
\tablewidth=\dimen154
\normaltextheight=\dimen155
\tempbox=\box53
\tablewd=\dimen156
\c@section=\count275
\c@subsection=\count276
\c@subsubsection=\count277
\c@paragraph=\count278
\c@subparagraph=\count279
\c@figure=\count280
\c@table=\count281
\tabledim=\dimen157
\abovecaptionskip=\skip49
\belowcaptionskip=\skip50
\c@theorem=\count282
\bibindent=\dimen158
\c@appendix=\count283
\minute=\count284
\hour=\count285
(C:\Users\86133\AppData\Local\Programs\MiKTeX\tex/latex/amsfonts\amsfonts.sty
Package: amsfonts 2013/01/14 v3.01 Basic AMSFonts support
\@emptytoks=\toks17
\symAMSa=\mathgroup4
\symAMSb=\mathgroup5
LaTeX Font Info:    Redeclaring math symbol \hbar on input line 98.
LaTeX Font Info:    Overwriting math alphabet `\mathfrak' in version `bold'
(Font)                  U/euf/m/n --> U/euf/b/n on input line 106.
)
(C:\Users\86133\AppData\Local\Programs\MiKTeX\tex/latex/amsfonts\amssymb.sty
Package: amssymb 2013/01/14 v3.01 AMS font symbols
)
(C:\Users\86133\AppData\Local\Programs\MiKTeX\tex/latex/amsmath\amsmath.sty
Package: amsmath 2025/07/09 v2.17z AMS math features
\@mathmargin=\skip51

For additional information on amsmath, use the `?' option.
(C:\Users\86133\AppData\Local\Programs\MiKTeX\tex/latex/amsmath\amstext.sty
Package: amstext 2024/11/17 v2.01 AMS text

(C:\Users\86133\AppData\Local\Programs\MiKTeX\tex/latex/amsmath\amsgen.sty
File: amsgen.sty 1999/11/30 v2.0 generic functions
\@emptytoks=\toks18
\ex@=\dimen159
))
(C:\Users\86133\AppData\Local\Programs\MiKTeX\tex/latex/amsmath\amsbsy.sty
Package: amsbsy 1999/11/29 v1.2d Bold Symbols
\pmbraise@=\dimen160
)
(C:\Users\86133\AppData\Local\Programs\MiKTeX\tex/latex/amsmath\amsopn.sty
Package: amsopn 2022/04/08 v2.04 operator names
)
\inf@bad=\count286
LaTeX Info: Redefining \frac on input line 233.
\uproot@=\count287
\leftroot@=\count288
LaTeX Info: Redefining \overline on input line 398.
LaTeX Info: Redefining \colon on input line 409.
\classnum@=\count289
\DOTSCASE@=\count290
LaTeX Info: Redefining \ldots on input line 495.
LaTeX Info: Redefining \dots on input line 498.
LaTeX Info: Redefining \cdots on input line 619.
\Mathstrutbox@=\box54
\strutbox@=\box55
LaTeX Info: Redefining \big on input line 721.
LaTeX Info: Redefining \Big on input line 722.
LaTeX Info: Redefining \bigg on input line 723.
LaTeX Info: Redefining \Bigg on input line 724.
\big@size=\dimen161
LaTeX Font Info:    Redeclaring font encoding OML on input line 742.
LaTeX Font Info:    Redeclaring font encoding OMS on input line 743.
\macc@depth=\count291
LaTeX Info: Redefining \bmod on input line 904.
LaTeX Info: Redefining \pmod on input line 909.
LaTeX Info: Redefining \smash on input line 939.
LaTeX Info: Redefining \relbar on input line 969.
LaTeX Info: Redefining \Relbar on input line 970.
\c@MaxMatrixCols=\count292
\dotsspace@=\muskip17
\c@parentequation=\count293
\dspbrk@lvl=\count294
\tag@help=\toks19
\row@=\count295
\column@=\count296
\maxfields@=\count297
\andhelp@=\toks20
\eqnshift@=\dimen162
\alignsep@=\dimen163
\tagshift@=\dimen164
\tagwidth@=\dimen165
\totwidth@=\dimen166
\lineht@=\dimen167
\@envbody=\toks21
\multlinegap=\skip52
\multlinetaggap=\skip53
\mathdisplay@stack=\toks22
LaTeX Info: Redefining \[ on input line 2950.
LaTeX Info: Redefining \] on input line 2951.
)
(C:\Users\86133\AppData\Local\Programs\MiKTeX\tex/latex/graphics\graphicx.sty
Package: graphicx 2024/12/31 v1.2e Enhanced LaTeX Graphics (DPC,SPQR)

(C:\Users\86133\AppData\Local\Programs\MiKTeX\tex/latex/graphics\keyval.sty
Package: keyval 2022/05/29 v1.15 key=value parser (DPC)
\KV@toks@=\toks23
)
(C:\Users\86133\AppData\Local\Programs\MiKTeX\tex/latex/graphics\graphics.sty
Package: graphics 2024/08/06 v1.4g Standard LaTeX Graphics (DPC,SPQR)

(C:\Users\86133\AppData\Local\Programs\MiKTeX\tex/latex/graphics\trig.sty
Package: trig 2023/12/02 v1.11 sin cos tan (DPC)
)
(C:\Users\86133\AppData\Local\Programs\MiKTeX\tex/latex/graphics-cfg\graphics.c
fg
File: graphics.cfg 2016/06/04 v1.11 sample graphics configuration
)
Package graphics Info: Driver file: pdftex.def on input line 106.

(C:\Users\86133\AppData\Local\Programs\MiKTeX\tex/latex/graphics-def\pdftex.def
File: pdftex.def 2025/09/29 v1.2d Graphics/color driver for pdftex
))
\Gin@req@height=\dimen168
\Gin@req@width=\dimen169
) (C:\Users\86133\AppData\Local\Programs\MiKTeX\tex/latex/url\url.sty
\Urlmuskip=\muskip18
Package: url 2013/09/16  ver 3.4  Verb mode for urls, etc.
))
(C:\Users\86133\AppData\Local\Programs\MiKTeX\tex/latex/natbib\natbib.sty
Package: natbib 2010/09/13 8.31b (PWD, AO)
\bibhang=\skip54
\bibsep=\skip55
LaTeX Info: Redefining \cite on input line 694.
LaTeX Info: Redefining \citeauthor on input line 712.
LaTeX Info: Redefining \citeyear on input line 735.
\c@NAT@ctr=\count298
)
(C:\Users\86133\AppData\Local\Programs\MiKTeX\tex/latex/algorithms\algorithm.st
y
Package: algorithm 2009/08/24 v0.1 Document Style `algorithm' - floating enviro
nment
 (C:\Users\86133\AppData\Local\Programs\MiKTeX\tex/latex/float\float.sty
Package: float 2001/11/08 v1.3d Float enhancements (AL)
\c@float@type=\count299
\float@exts=\toks24
\float@box=\box56
\@float@everytoks=\toks25
\@floatcapt=\box57
)
(C:\Users\86133\AppData\Local\Programs\MiKTeX\tex/latex/base\ifthen.sty
Package: ifthen 2024/03/16 v1.1e Standard LaTeX ifthen package (DPC)
)
\@float@every@algorithm=\toks26
\c@algorithm=\count300
)
(C:\Users\86133\AppData\Local\Programs\MiKTeX\tex/latex/algorithmicx\algpseudoc
ode.sty
Package: algpseudocode 

(C:\Users\86133\AppData\Local\Programs\MiKTeX\tex/latex/algorithmicx\algorithmi
cx.sty
Package: algorithmicx 2005/04/27 v1.2 Algorithmicx

Document Style algorithmicx 1.2 - a greatly improved `algorithmic' style
\c@ALG@line=\count301
\c@ALG@rem=\count302
\c@ALG@nested=\count303
\ALG@tlm=\skip56
\ALG@thistlm=\skip57
\c@ALG@Lnr=\count304
\c@ALG@blocknr=\count305
\c@ALG@storecount=\count306
\c@ALG@tmpcounter=\count307
\ALG@tmplength=\skip58
)
Document Style - pseudocode environments for use with the `algorithmicx' style
) (C:\Users\86133\AppData\Local\Programs\MiKTeX\tex/latex/xcolor\xcolor.sty
Package: xcolor 2024/09/29 v3.02 LaTeX color extensions (UK)

(C:\Users\86133\AppData\Local\Programs\MiKTeX\tex/latex/graphics-cfg\color.cfg
File: color.cfg 2016/01/02 v1.6 sample color configuration
)
Package xcolor Info: Driver file: pdftex.def on input line 274.
(C:\Users\86133\AppData\Local\Programs\MiKTeX\tex/latex/graphics\mathcolor.ltx)
Package xcolor Info: Model `cmy' substituted by `cmy0' on input line 1349.
Package xcolor Info: Model `hsb' substituted by `rgb' on input line 1353.
Package xcolor Info: Model `RGB' extended on input line 1365.
Package xcolor Info: Model `HTML' substituted by `rgb' on input line 1367.
Package xcolor Info: Model `Hsb' substituted by `hsb' on input line 1368.
Package xcolor Info: Model `tHsb' substituted by `hsb' on input line 1369.
Package xcolor Info: Model `HSB' substituted by `hsb' on input line 1370.
Package xcolor Info: Model `Gray' substituted by `gray' on input line 1371.
Package xcolor Info: Model `wave' substituted by `hsb' on input line 1372.
) (C:\Users\86133\AppData\Local\Programs\MiKTeX\tex/latex/hyperref\hyperref.sty
Package: hyperref 2025-07-12 v7.01o Hypertext links for LaTeX
(C:\Users\86133\AppData\Local\Programs\MiKTeX\tex/generic/iftex\iftex.sty
Package: iftex 2024/12/12 v1.0g TeX engine tests
)
(C:\Users\86133\AppData\Local\Programs\MiKTeX\tex/latex/kvsetkeys\kvsetkeys.sty
Package: kvsetkeys 2022-10-05 v1.19 Key value parser (HO)
)
(C:\Users\86133\AppData\Local\Programs\MiKTeX\tex/generic/kvdefinekeys\kvdefine
keys.sty
Package: kvdefinekeys 2019-12-19 v1.6 Define keys (HO)
)
(C:\Users\86133\AppData\Local\Programs\MiKTeX\tex/generic/pdfescape\pdfescape.s
ty
Package: pdfescape 2019/12/09 v1.15 Implements pdfTeX's escape features (HO)

(C:\Users\86133\AppData\Local\Programs\MiKTeX\tex/generic/ltxcmds\ltxcmds.sty
Package: ltxcmds 2023-12-04 v1.26 LaTeX kernel commands for general use (HO)
)
(C:\Users\86133\AppData\Local\Programs\MiKTeX\tex/generic/pdftexcmds\pdftexcmds
.sty
Package: pdftexcmds 2020-06-27 v0.33 Utility functions of pdfTeX for LuaTeX (HO
)

(C:\Users\86133\AppData\Local\Programs\MiKTeX\tex/generic/infwarerr\infwarerr.s
ty
Package: infwarerr 2019/12/03 v1.5 Providing info/warning/error messages (HO)
)
Package pdftexcmds Info: \pdf@primitive is available.
Package pdftexcmds Info: \pdf@ifprimitive is available.
Package pdftexcmds Info: \pdfdraftmode found.
))
(C:\Users\86133\AppData\Local\Programs\MiKTeX\tex/latex/hycolor\hycolor.sty
Package: hycolor 2020-01-27 v1.10 Color options for hyperref/bookmark (HO)
)
(C:\Users\86133\AppData\Local\Programs\MiKTeX\tex/latex/hyperref\nameref.sty
Package: nameref 2025-06-21 v2.57 Cross-referencing by name of section

(C:\Users\86133\AppData\Local\Programs\MiKTeX\tex/latex/refcount\refcount.sty
Package: refcount 2019/12/15 v3.6 Data extraction from label references (HO)
)
(C:\Users\86133\AppData\Local\Programs\MiKTeX\tex/generic/gettitlestring\gettit
lestring.sty
Package: gettitlestring 2019/12/15 v1.6 Cleanup title references (HO)

(C:\Users\86133\AppData\Local\Programs\MiKTeX\tex/latex/kvoptions\kvoptions.sty
Package: kvoptions 2022-06-15 v3.15 Key value format for package options (HO)
))
\c@section@level=\count308
)
(C:\Users\86133\AppData\Local\Programs\MiKTeX\tex/latex/etoolbox\etoolbox.sty
Package: etoolbox 2025/10/02 v2.5m e-TeX tools for LaTeX (JAW)
\etb@tempcnta=\count309
)
(C:\Users\86133\AppData\Local\Programs\MiKTeX\tex/generic/stringenc\stringenc.s
ty
Package: stringenc 2019/11/29 v1.12 Convert strings between diff. encodings (HO
)
)
\@linkdim=\dimen170
\Hy@linkcounter=\count310
\Hy@pagecounter=\count311
 (C:\Users\86133\AppData\Local\Programs\MiKTeX\tex/latex/hyperref\pd1enc.def
File: pd1enc.def 2025-07-12 v7.01o Hyperref: PDFDocEncoding definition (HO)
Now handling font encoding PD1 ...
... no UTF-8 mapping file for font encoding PD1
) (C:\Users\86133\AppData\Local\Programs\MiKTeX\tex/generic/intcalc\intcalc.sty
Package: intcalc 2019/12/15 v1.3 Expandable calculations with integers (HO)
)
\Hy@SavedSpaceFactor=\count312
 (C:\Users\86133\AppData\Local\Programs\MiKTeX\tex/latex/hyperref\puenc.def
File: puenc.def 2025-07-12 v7.01o Hyperref: PDF Unicode definition (HO)
Now handling font encoding PU ...
... no UTF-8 mapping file for font encoding PU
)
Package hyperref Info: Option `verbose' set `true' on input line 4066.
Package hyperref Info: Option `hypertexnames' set `false' on input line 4066.
Package hyperref Info: Hyper figures OFF on input line 4195.
Package hyperref Info: Link nesting OFF on input line 4200.
Package hyperref Info: Hyper index ON on input line 4203.
Package hyperref Info: Plain pages OFF on input line 4210.
Package hyperref Info: Backreferencing OFF on input line 4215.
Package hyperref Info: Implicit mode ON; LaTeX internals redefined.
Package hyperref Info: Bookmarks ON on input line 4462.
\c@Hy@tempcnt=\count313
LaTeX Info: Redefining \url on input line 4801.
\XeTeXLinkMargin=\dimen171

(C:\Users\86133\AppData\Local\Programs\MiKTeX\tex/generic/bitset\bitset.sty
Package: bitset 2019/12/09 v1.3 Handle bit-vector datatype (HO)

(C:\Users\86133\AppData\Local\Programs\MiKTeX\tex/generic/bigintcalc\bigintcalc
.sty
Package: bigintcalc 2019/12/15 v1.5 Expandable calculations on big integers (HO
)
))
\Fld@menulength=\count314
\Field@Width=\dimen172
\Fld@charsize=\dimen173
Package hyperref Info: Hyper figures OFF on input line 6078.
Package hyperref Info: Link nesting OFF on input line 6083.
Package hyperref Info: Hyper index ON on input line 6086.
Package hyperref Info: backreferencing OFF on input line 6093.
Package hyperref Info: Link coloring OFF on input line 6098.
Package hyperref Info: Link coloring with OCG OFF on input line 6103.
Package hyperref Info: PDF/A mode OFF on input line 6108.
\Hy@abspage=\count315
\c@Item=\count316
\c@Hfootnote=\count317
)
Package hyperref Info: Driver (autodetected): hpdftex.

(C:\Users\86133\AppData\Local\Programs\MiKTeX\tex/latex/hyperref\hpdftex.def
File: hpdftex.def 2025-07-12 v7.01o Hyperref driver for pdfTeX
\Fld@listcount=\count318
\c@bookmark@seq@number=\count319

(C:\Users\86133\AppData\Local\Programs\MiKTeX\tex/latex/rerunfilecheck\rerunfil
echeck.sty
Package: rerunfilecheck 2025-06-21 v1.11 Rerun checks for auxiliary files (HO)

(C:\Users\86133\AppData\Local\Programs\MiKTeX\tex/generic/uniquecounter\uniquec
ounter.sty
Package: uniquecounter 2019/12/15 v1.4 Provide unlimited unique counter (HO)
)
Package uniquecounter Info: New unique counter `rerunfilecheck' on input line 2
84.
)
\Hy@SectionHShift=\skip59
)
Package hyperref Info: Option `colorlinks' set `false' on input line 19.

(C:\Users\86133\AppData\Local\Programs\MiKTeX\tex/latex/l3backend\l3backend-pdf
tex.def
File: l3backend-pdftex.def 2025-10-09 L3 backend support: PDF output (pdfTeX)
\l__color_backend_stack_int=\count320
) (ws-ijcm.aux)
\openout1 = `ws-ijcm.aux'.

LaTeX Font Info:    Checking defaults for OML/cmm/m/it on input line 22.
LaTeX Font Info:    ... okay on input line 22.
LaTeX Font Info:    Checking defaults for OMS/cmsy/m/n on input line 22.
LaTeX Font Info:    ... okay on input line 22.
LaTeX Font Info:    Checking defaults for OT1/cmr/m/n on input line 22.
LaTeX Font Info:    ... okay on input line 22.
LaTeX Font Info:    Checking defaults for T1/cmr/m/n on input line 22.
LaTeX Font Info:    ... okay on input line 22.
LaTeX Font Info:    Checking defaults for TS1/cmr/m/n on input line 22.
LaTeX Font Info:    ... okay on input line 22.
LaTeX Font Info:    Checking defaults for OMX/cmex/m/n on input line 22.
LaTeX Font Info:    ... okay on input line 22.
LaTeX Font Info:    Checking defaults for U/cmr/m/n on input line 22.
LaTeX Font Info:    ... okay on input line 22.
LaTeX Font Info:    Checking defaults for PD1/pdf/m/n on input line 22.
LaTeX Font Info:    ... okay on input line 22.
LaTeX Font Info:    Checking defaults for PU/pdf/m/n on input line 22.
LaTeX Font Info:    ... okay on input line 22.

(C:\Users\86133\AppData\Local\Programs\MiKTeX\tex/context/base/mkii\supp-pdf.mk
ii
[Loading MPS to PDF converter (version 2006.09.02).]
\scratchcounter=\count321
\scratchdimen=\dimen174
\scratchbox=\box58
\nofMPsegments=\count322
\nofMParguments=\count323
\everyMPshowfont=\toks27
\MPscratchCnt=\count324
\MPscratchDim=\dimen175
\MPnumerator=\count325
\makeMPintoPDFobject=\count326
\everyMPtoPDFconversion=\toks28
)
(C:\Users\86133\AppData\Local\Programs\MiKTeX\tex/latex/epstopdf-pkg\epstopdf-b
ase.sty
Package: epstopdf-base 2020-01-24 v2.11 Base part for package epstopdf
Package epstopdf-base Info: Redefining graphics rule for `.eps' on input line 4
85.

(C:\Users\86133\AppData\Local\Programs\MiKTeX\tex/latex/00miktex\epstopdf-sys.c
fg
File: epstopdf-sys.cfg 2021/03/18 v2.0 Configuration of epstopdf for MiKTeX
))

Package hyperref Warning: Height of page (\paperheight) is invalid (0.0pt),
(hyperref)                using 11in.

Package hyperref Info: Link coloring OFF on input line 22.
(ws-ijcm.out) (ws-ijcm.out)
\@outlinefile=\write3
\openout3 = `ws-ijcm.out'.

Package hyperref Info: Anchor `Doc-Start' on input line 22.
LaTeX Font Info:    Trying to load font information for U+msa on input line 50.


(C:\Users\86133\AppData\Local\Programs\MiKTeX\tex/latex/amsfonts\umsa.fd
File: umsa.fd 2013/01/14 v3.01 AMS symbols A
)
LaTeX Font Info:    Trying to load font information for U+msb on input line 50.


(C:\Users\86133\AppData\Local\Programs\MiKTeX\tex/latex/amsfonts\umsb.fd
File: umsb.fd 2013/01/14 v3.01 AMS symbols B
)
! Missing number, treated as zero.
<to be read again> 
                   C
l.50 
     
A number should have been here; I inserted `0'.
(If you can't figure out why I needed to see a number,
look up `weird error' in the index to The TeXbook.)

! Illegal unit of measure (pt inserted).
<to be read again> 
                   C
l.50 
     
Dimensions can be in units of em, ex, in, pt, pc,
cm, mm, dd, cc, nd, nc, bp, or sp; but yours is a new one!
I'll assume that you meant to say pt, for printer's points.
To recover gracefully from this error, it's best to
delete the erroneous units; e.g., type `2' to delete
two letters. (See Chapter 27 of The TeXbook.)

! Missing number, treated as zero.
<to be read again> 
                   C
l.50 
     
A number should have been here; I inserted `0'.
(If you can't figure out why I needed to see a number,
look up `weird error' in the index to The TeXbook.)

! Illegal unit of measure (pt inserted).
<to be read again> 
                   C
l.50 
     
Dimensions can be in units of em, ex, in, pt, pc,
cm, mm, dd, cc, nd, nc, bp, or sp; but yours is a new one!
I'll assume that you meant to say pt, for printer's points.
To recover gracefully from this error, it's best to
delete the erroneous units; e.g., type `2' to delete
two letters. (See Chapter 27 of The TeXbook.)


! LaTeX Error: There's no line here to end.

See the LaTeX manual or LaTeX Companion for explanation.
Type  H <return>  for immediate help.
 ...                                              
                                                  
l.50 
     
Your command was ignored.
Type  I <command> <return>  to replace it with another command,
or  <return>  to continue without it.

Package hyperref Info: Anchor `section.1' on input line 73.
Package hyperref Info: bookmark on input line 73:
(hyperref)             thecounter {1}
(hyperref)             text {\ifnum 1>\c@secnumdepth \else \protect \numberline
 {\csname thesection\endcsname }\fi Introduction}
(hyperref)             reference {section.1}
(hyperref)             toclevel {1}
(hyperref)             type {toc}.
Package hyperref Info: Reference (cite) `cite.Economides2000' on input line 77.

Package hyperref Info: Reference (cite) `cite.Economides2000' on input line 77.

Package hyperref Info: Reference (cite) `cite.Nordgren1972' on input line 82.
Package hyperref Info: Reference (cite) `cite.Nordgren1972' on input line 82.
Package hyperref Info: Reference (cite) `cite.Ref_KGD' on input line 83.
Package hyperref Info: Reference (cite) `cite.Ref_KGD' on input line 83.
Package hyperref Info: Anchor `page.1' on input line 96.
[1{C:/Users/86133/AppData/Local/MiKTeX/fonts/map/pdftex/pdftex.map}

Package `hyperref' Info: End of reference (cite) `cite.Economides2000', line 77
.
Package `hyperref' Info: End of reference (cite) `cite.Economides2000', line 77
.
Package `hyperref' Info: End of reference (cite) `cite.Nordgren1972', line 82.
Package `hyperref' Info: End of reference (cite) `cite.Nordgren1972', line 82.
]
Package hyperref Info: Reference (cite) `cite.Nordgren1972' on input line 99.
Package hyperref Info: Reference (cite) `cite.Nordgren1972' on input line 99.
Package hyperref Info: Reference (cite) `cite.Kemp1990' on input line 100.
Package hyperref Info: Reference (cite) `cite.Kemp1990' on input line 100.
Package hyperref Info: Reference (cite) `cite.Garikapati2017' on input line 101
.
Package hyperref Info: Reference (cite) `cite.Garikapati2017' on input line 101
.
Package hyperref Info: Reference (cite) `cite.Peirce2014' on input line 102.
Package hyperref Info: Reference (cite) `cite.Peirce2014' on input line 102.
Package hyperref Info: Reference (cite) `cite.Linkov2011' on input line 105.
Package hyperref Info: Reference (cite) `cite.Linkov2011' on input line 105.
Package hyperref Info: Reference (cite) `cite.Garikapati2017' on input line 106
.
Package hyperref Info: Reference (cite) `cite.Garikapati2017' on input line 106
.
Package hyperref Info: Reference (cite) `cite.Nordgren1972' on input line 108.
Package hyperref Info: Reference (cite) `cite.Nordgren1972' on input line 108.
Package hyperref Info: Reference (cite) `cite.Kemp1990' on input line 108.
Package hyperref Info: Reference (cite) `cite.Kemp1990' on input line 108.
Package hyperref Info: Reference (cite) `cite.Linkov2015' on input line 112.
Package hyperref Info: Reference (cite) `cite.Linkov2015' on input line 112.
Package hyperref Info: Reference (cite) `cite.Detournay2016' on input line 112.

Package hyperref Info: Reference (cite) `cite.Detournay2016' on input line 112.

Package hyperref Info: Reference (cite) `cite.Peirce2014' on input line 117.
Package hyperref Info: Reference (cite) `cite.Peirce2014' on input line 117.
Package hyperref Info: Reference (cite) `cite.Detournay2016' on input line 121.

Package hyperref Info: Reference (cite) `cite.Detournay2016' on input line 121.

Package hyperref Info: Reference (cite) `cite.Raissi2019' on input line 124.
Package hyperref Info: Reference (cite) `cite.Raissi2019' on input line 124.
Package hyperref Info: Reference (cite) `cite.Jagtap2020' on input line 130.
Package hyperref Info: Reference (cite) `cite.Jagtap2020' on input line 130.
Package hyperref Info: Reference (cite) `cite.Jagtap2020b' on input line 130.
Package hyperref Info: Reference (cite) `cite.Jagtap2020b' on input line 130.
Package hyperref Info: Reference (cite) `cite.Yu2022' on input line 131.
Package hyperref Info: Reference (cite) `cite.Yu2022' on input line 131.
Package hyperref Info: Reference (cite) `cite.Moseley2023' on input line 132.
Package hyperref Info: Reference (cite) `cite.Moseley2023' on input line 132.
Package hyperref Info: Reference (cite) `cite.Hassan2024' on input line 135.
Package hyperref Info: Reference (cite) `cite.Hassan2024' on input line 135.
Package hyperref Info: Reference (cite) `cite.Ali2025' on input line 136.
Package hyperref Info: Reference (cite) `cite.Ali2025' on input line 136.
Package hyperref Info: Reference (cite) `cite.Wang2024' on input line 137.
Package hyperref Info: Reference (cite) `cite.Wang2024' on input line 137.
Package hyperref Info: Anchor `page.2' on input line 141.
 [2
Package `hyperref' Info: End of reference (cite) `cite.Ref_KGD', line 83.
Package `hyperref' Info: End of reference (cite) `cite.Ref_KGD', line 83.
Package `hyperref' Info: End of reference (cite) `cite.Nordgren1972', line 99.
Package `hyperref' Info: End of reference (cite) `cite.Nordgren1972', line 99.
Package `hyperref' Info: End of reference (cite) `cite.Kemp1990', line 100.
Package `hyperref' Info: End of reference (cite) `cite.Kemp1990', line 100.
Package `hyperref' Info: End of reference (cite) `cite.Garikapati2017', line 10
1.
Package `hyperref' Info: End of reference (cite) `cite.Garikapati2017', line 10
1.
Package `hyperref' Info: End of reference (cite) `cite.Peirce2014', line 102.
Package `hyperref' Info: End of reference (cite) `cite.Peirce2014', line 102.
Package `hyperref' Info: End of reference (cite) `cite.Linkov2011', line 105.
Package `hyperref' Info: End of reference (cite) `cite.Linkov2011', line 105.
Package `hyperref' Info: End of reference (cite) `cite.Garikapati2017', line 10
6.
Package `hyperref' Info: End of reference (cite) `cite.Garikapati2017', line 10
6.
Package `hyperref' Info: End of reference (cite) `cite.Nordgren1972', line 108.

Package `hyperref' Info: End of reference (cite) `cite.Nordgren1972', line 108.

Package `hyperref' Info: End of reference (cite) `cite.Kemp1990', line 108.
Package `hyperref' Info: End of reference (cite) `cite.Kemp1990', line 108.
Package `hyperref' Info: End of reference (cite) `cite.Linkov2015', line 112.
Package `hyperref' Info: End of reference (cite) `cite.Linkov2015', line 112.
Package `hyperref' Info: End of reference (cite) `cite.Detournay2016', line 112
.
Package `hyperref' Info: End of reference (cite) `cite.Detournay2016', line 112
.
Package `hyperref' Info: End of reference (cite) `cite.Peirce2014', line 117.
Package `hyperref' Info: End of reference (cite) `cite.Peirce2014', line 117.
Package `hyperref' Info: End of reference (cite) `cite.Detournay2016', line 121
.
Package `hyperref' Info: End of reference (cite) `cite.Detournay2016', line 121
.
Package `hyperref' Info: End of reference (cite) `cite.Raissi2019', line 124.
Package `hyperref' Info: End of reference (cite) `cite.Raissi2019', line 124.
Package `hyperref' Info: End of reference (cite) `cite.Jagtap2020', line 130.
Package `hyperref' Info: End of reference (cite) `cite.Jagtap2020', line 130.
Package `hyperref' Info: End of reference (cite) `cite.Jagtap2020b', line 130.
Package `hyperref' Info: End of reference (cite) `cite.Jagtap2020b', line 130.
Package `hyperref' Info: End of reference (cite) `cite.Yu2022', line 131.
Package `hyperref' Info: End of reference (cite) `cite.Yu2022', line 131.
Package `hyperref' Info: End of reference (cite) `cite.Moseley2023', line 132.
Package `hyperref' Info: End of reference (cite) `cite.Moseley2023', line 132.
Package `hyperref' Info: End of reference (cite) `cite.Hassan2024', line 135.
Package `hyperref' Info: End of reference (cite) `cite.Hassan2024', line 135.
]
Package hyperref Info: Reference (cite) `cite.Yang2023' on input line 143.
Package hyperref Info: Reference (cite) `cite.Yang2023' on input line 143.
Package hyperref Info: Reference (cite) `cite.Tang2024' on input line 147.
Package hyperref Info: Reference (cite) `cite.Tang2024' on input line 147.
Package hyperref Info: Reference (cite) `cite.Krishnapriyan2021' on input line 
156.
Package hyperref Info: Reference (cite) `cite.Krishnapriyan2021' on input line 
156.
Package hyperref Info: Reference (cite) `cite.Kingma2015' on input line 187.
Package hyperref Info: Reference (cite) `cite.Kingma2015' on input line 187.
Package hyperref Info: Reference (cite) `cite.Liu1989' on input line 188.
Package hyperref Info: Reference (cite) `cite.Liu1989' on input line 188.
Package hyperref Info: Reference (cite) `cite.Yang2023' on input line 190.
Package hyperref Info: Reference (cite) `cite.Yang2023' on input line 190.
Package hyperref Info: Reference (cite) `cite.Tang2024' on input line 190.
Package hyperref Info: Reference (cite) `cite.Tang2024' on input line 190.
Package hyperref Info: Anchor `page.3' on input line 199.

[3
Package `hyperref' Info: End of reference (cite) `cite.Ali2025', line 136.
Package `hyperref' Info: End of reference (cite) `cite.Ali2025', line 136.
Package `hyperref' Info: End of reference (cite) `cite.Wang2024', line 137.
Package `hyperref' Info: End of reference (cite) `cite.Wang2024', line 137.
Package `hyperref' Info: End of reference (cite) `cite.Yang2023', line 143.
Package `hyperref' Info: End of reference (cite) `cite.Yang2023', line 143.
Package `hyperref' Info: End of reference (cite) `cite.Tang2024', line 147.
Package `hyperref' Info: End of reference (cite) `cite.Tang2024', line 147.
Package `hyperref' Info: End of reference (cite) `cite.Krishnapriyan2021', line
 156.
Package `hyperref' Info: End of reference (cite) `cite.Krishnapriyan2021', line
 156.
]
Package hyperref Info: Anchor `section.2' on input line 209.
Package hyperref Info: bookmark on input line 209:
(hyperref)             thecounter {2}
(hyperref)             text {\ifnum 1>\c@secnumdepth \else \protect \numberline
 {\csname thesection\endcsname }\fi Problem Formulation}
(hyperref)             reference {section.2}
(hyperref)             toclevel {1}
(hyperref)             type {toc}.
Package hyperref Info: Reference (cite) `cite.Nordgren1972' on input line 213.
Package hyperref Info: Reference (cite) `cite.Nordgren1972' on input line 213.
Package hyperref Info: Reference (cite) `cite.Detournay2016' on input line 220.

Package hyperref Info: Reference (cite) `cite.Detournay2016' on input line 220.

Package hyperref Info: Reference (cite) `cite.Nordgren1972' on input line 224.
Package hyperref Info: Reference (cite) `cite.Nordgren1972' on input line 224.
Package hyperref Info: Anchor `equation.3' on input line 225.
Package hyperref Info: Anchor `equation.3' on input line 225.
Package hyperref Info: Anchor `equation.3' on input line 225.
Package hyperref Info: Anchor `equation.3' on input line 225.
Package hyperref Info: Anchor `equation.4' on input line 235.
Package hyperref Info: Anchor `equation.4' on input line 235.
Package hyperref Info: Anchor `equation.4' on input line 235.
Package hyperref Info: Anchor `equation.4' on input line 235.
Package hyperref Info: Reference (cite) `cite.Nordgren1972' on input line 251.
Package hyperref Info: Reference (cite) `cite.Nordgren1972' on input line 251.
Package hyperref Info: Anchor `page.4' on input line 253.
 [4
Package `hyperref' Info: End of reference (cite) `cite.Kingma2015', line 187.
Package `hyperref' Info: End of reference (cite) `cite.Kingma2015', line 187.
Package `hyperref' Info: End of reference (cite) `cite.Liu1989', line 188.
Package `hyperref' Info: End of reference (cite) `cite.Liu1989', line 188.
Package `hyperref' Info: End of reference (cite) `cite.Yang2023', line 190.
Package `hyperref' Info: End of reference (cite) `cite.Yang2023', line 190.
Package `hyperref' Info: End of reference (cite) `cite.Tang2024', line 190.
Package `hyperref' Info: End of reference (cite) `cite.Tang2024', line 190.
Package `hyperref' Info: End of reference (cite) `cite.Nordgren1972', line 213.

Package `hyperref' Info: End of reference (cite) `cite.Nordgren1972', line 213.

Package `hyperref' Info: End of reference (cite) `cite.Detournay2016', line 220
.
Package `hyperref' Info: End of reference (cite) `cite.Detournay2016', line 220
.
Package `hyperref' Info: End of reference (cite) `cite.Nordgren1972', line 224.

Package `hyperref' Info: End of reference (cite) `cite.Nordgren1972', line 224.

]
Package hyperref Info: Reference (cite) `cite.Nordgren1972' on input line 258.
Package hyperref Info: Reference (cite) `cite.Nordgren1972' on input line 258.
Package hyperref Info: Reference (cite) `cite.Kemp1990' on input line 258.
Package hyperref Info: Reference (cite) `cite.Kemp1990' on input line 258.
Package hyperref Info: Reference (cite) `cite.Linkov2015' on input line 261.
Package hyperref Info: Reference (cite) `cite.Linkov2015' on input line 261.
Package hyperref Info: Anchor `section.5' on input line 271.
Package hyperref Info: bookmark on input line 271:
(hyperref)             thecounter {3}
(hyperref)             text {\ifnum 1>\c@secnumdepth \else \protect \numberline
 {\csname thesection\endcsname }\fi Methodology}
(hyperref)             reference {section.5}
(hyperref)             toclevel {1}
(hyperref)             type {toc}.
Package hyperref Info: Anchor `subsection.6' on input line 273.
Package hyperref Info: bookmark on input line 273:
(hyperref)             thecounter {3.1}
(hyperref)             text {\ifnum 2>\c@secnumdepth \else \protect \numberline
 {\csname thesubsection\endcsname }\fi PE-PINN design}
(hyperref)             reference {subsection.6}
(hyperref)             toclevel {2}
(hyperref)             type {toc}.
Package hyperref Info: Reference (cite) `cite.Raissi2019' on input line 276.
Package hyperref Info: Reference (cite) `cite.Raissi2019' on input line 276.
Package hyperref Info: Anchor `page.5' on input line 312.
 [5
Package `hyperref' Info: End of reference (cite) `cite.Nordgren1972', line 251.

Package `hyperref' Info: End of reference (cite) `cite.Nordgren1972', line 251.

Package `hyperref' Info: End of reference (cite) `cite.Nordgren1972', line 258.

Package `hyperref' Info: End of reference (cite) `cite.Nordgren1972', line 258.

Package `hyperref' Info: End of reference (cite) `cite.Kemp1990', line 258.
Package `hyperref' Info: End of reference (cite) `cite.Kemp1990', line 258.
Package `hyperref' Info: End of reference (cite) `cite.Linkov2015', line 261.
Package `hyperref' Info: End of reference (cite) `cite.Linkov2015', line 261.
Package `hyperref' Info: End of reference (cite) `cite.Raissi2019', line 276.
Package `hyperref' Info: End of reference (cite) `cite.Raissi2019', line 276.
]
Package hyperref Info: Anchor `subsection.7' on input line 317.
Package hyperref Info: bookmark on input line 317:
(hyperref)             thecounter {3.2}
(hyperref)             text {\ifnum 2>\c@secnumdepth \else \protect \numberline
 {\csname thesubsection\endcsname }\fi Loss function and training}
(hyperref)             reference {subsection.7}
(hyperref)             toclevel {2}
(hyperref)             type {toc}.
Package hyperref Info: Anchor `subsection.8' on input line 331.
Package hyperref Info: bookmark on input line 331:
(hyperref)             thecounter {3.3}
(hyperref)             text {\ifnum 2>\c@secnumdepth \else \protect \numberline
 {\csname thesubsection\endcsname }\fi Experimental configuration}
(hyperref)             reference {subsection.8}
(hyperref)             toclevel {2}
(hyperref)             type {toc}.
Package hyperref Info: Reference (link) `table.9' on input line 334.
Package hyperref Info: bookmark on input line 346:
(hyperref)             thecounter {1}
(hyperref)             text {\protect \numberline {\csname the\@captype \endcsn
ame }{\ignorespaces Physical parameters.\label {tab:params}}}
(hyperref)             reference {table.9}
(hyperref)             toclevel {0}
(hyperref)             type {lot}.
Package hyperref Info: Anchor `table.9' on input line 346.
Package hyperref Info: Anchor `section.10' on input line 365.
Package hyperref Info: bookmark on input line 365:
(hyperref)             thecounter {4}
(hyperref)             text {\ifnum 1>\c@secnumdepth \else \protect \numberline
 {\csname thesection\endcsname }\fi Results and Discussion}
(hyperref)             reference {section.10}
(hyperref)             toclevel {1}
(hyperref)             type {toc}.
Package hyperref Info: Anchor `subsection.11' on input line 367.
Package hyperref Info: bookmark on input line 367:
(hyperref)             thecounter {4.1}
(hyperref)             text {\ifnum 2>\c@secnumdepth \else \protect \numberline
 {\csname thesubsection\endcsname }\fi Model validation}
(hyperref)             reference {subsection.11}
(hyperref)             toclevel {2}
(hyperref)             type {toc}.
Package hyperref Info: Anchor `page.6' on input line 379.
 [6
Package `hyperref' Info: End of reference (link) `table.9', line 334.
]
Package hyperref Info: Anchor `subsection.12' on input line 379.
Package hyperref Info: bookmark on input line 379:
(hyperref)             thecounter {4.2}
(hyperref)             text {\ifnum 2>\c@secnumdepth \else \protect \numberline
 {\csname thesubsection\endcsname }\fi Ablation study}
(hyperref)             reference {subsection.12}
(hyperref)             toclevel {2}
(hyperref)             type {toc}.
Package hyperref Info: Anchor `subsection.13' on input line 391.
Package hyperref Info: bookmark on input line 391:
(hyperref)             thecounter {4.3}
(hyperref)             text {\ifnum 2>\c@secnumdepth \else \protect \numberline
 {\csname thesubsection\endcsname }\fi Sensitivity analysis}
(hyperref)             reference {subsection.13}
(hyperref)             toclevel {2}
(hyperref)             type {toc}.
Package hyperref Info: Anchor `section.14' on input line 405.
Package hyperref Info: bookmark on input line 405:
(hyperref)             thecounter {5}
(hyperref)             text {\ifnum 1>\c@secnumdepth \else \protect \numberline
 {\csname thesection\endcsname }\fi Conclusion}
(hyperref)             reference {section.14}
(hyperref)             toclevel {1}
(hyperref)             type {toc}.
Package hyperref Info: Anchor `section*.15' on input line 419.
Package hyperref Info: Anchor `section*.16' on input line 423.
Package hyperref Info: Anchor `section*.17' on input line 425.
Package hyperref Info: Anchor `cite.Economides2000' on input line 429.
Package hyperref Info: Anchor `cite.Ref_KGD' on input line 434.
Package hyperref Info: Anchor `cite.Nordgren1972' on input line 439.
Package hyperref Info: Anchor `cite.Kemp1990' on input line 443.
Package hyperref Info: Anchor `cite.Linkov2015' on input line 447.
Package hyperref Info: Anchor `cite.Detournay2016' on input line 452.
Package hyperref Info: Anchor `page.7' on input line 455.
 [7]
Package hyperref Info: Anchor `cite.Garikapati2017' on input line 458.
Package hyperref Info: Anchor `cite.Peirce2014' on input line 463.
Package hyperref Info: Anchor `cite.Linkov2011' on input line 468.
Package hyperref Info: Anchor `cite.Raissi2019' on input line 474.
Package hyperref Info: Anchor `cite.Jagtap2020' on input line 481.
Package hyperref Info: Anchor `cite.Jagtap2020b' on input line 487.
Package hyperref Info: Anchor `cite.Yu2022' on input line 493.
Package hyperref Info: Anchor `cite.Moseley2023' on input line 498.
Package hyperref Info: Anchor `cite.Hassan2024' on input line 505.
Package hyperref Info: Anchor `cite.Ali2025' on input line 511.
Package hyperref Info: Anchor `cite.Wang2024' on input line 517.
Package hyperref Info: Anchor `cite.Shkolnikov2024' on input line 524.
Package hyperref Info: Anchor `cite.Yang2023' on input line 530.
Package hyperref Info: Anchor `page.8' on input line 536.
 [8]
Package hyperref Info: Anchor `cite.Tang2024' on input line 536.
Package hyperref Info: Anchor `cite.Krishnapriyan2021' on input line 544.
Package hyperref Info: Anchor `cite.Kingma2015' on input line 551.
Package hyperref Info: Anchor `cite.Liu1989' on input line 555.
Package hyperref Info: Anchor `page.9' on input line 562.
 [9] (ws-ijcm.aux

Package natbib Warning: Citation `Economides2000' multiply defined.


Package natbib Warning: Citation `Ref_KGD' multiply defined.


Package natbib Warning: Citation `Nordgren1972' multiply defined.


Package natbib Warning: Citation `Kemp1990' multiply defined.


Package natbib Warning: Citation `Linkov2015' multiply defined.


Package natbib Warning: Citation `Detournay2016' multiply defined.


Package natbib Warning: Citation `Garikapati2017' multiply defined.


Package natbib Warning: Citation `Peirce2014' multiply defined.


Package natbib Warning: Citation `Linkov2011' multiply defined.


Package natbib Warning: Citation `Raissi2019' multiply defined.


Package natbib Warning: Citation `Jagtap2020' multiply defined.


Package natbib Warning: Citation `Jagtap2020b' multiply defined.


Package natbib Warning: Citation `Yu2022' multiply defined.


Package natbib Warning: Citation `Moseley2023' multiply defined.


Package natbib Warning: Citation `Hassan2024' multiply defined.


Package natbib Warning: Citation `Ali2025' multiply defined.


Package natbib Warning: Citation `Wang2024' multiply defined.


Package natbib Warning: Citation `Shkolnikov2024' multiply defined.


Package natbib Warning: Citation `Yang2023' multiply defined.


Package natbib Warning: Citation `Tang2024' multiply defined.


Package natbib Warning: Citation `Krishnapriyan2021' multiply defined.


Package natbib Warning: Citation `Kingma2015' multiply defined.


Package natbib Warning: Citation `Liu1989' multiply defined.

) ) 
Here is how much of TeX's memory you used:
 11392 strings out of 467870
 171322 string characters out of 5418356
 598964 words of memory out of 5000000
 40089 multiletter control sequences out of 15000+600000
 636671 words of font info for 73 fonts, out of 8000000 for 9000
 1141 hyphenation exceptions out of 8191
 75i,10n,79p,311b,564s stack positions out of 10000i,1000n,20000p,200000b,200000s
 <C:\Users\86133\AppData\Local\MiKTeX\fonts/pk/ljfour/jknappen/ec/dpi600\tcr
m0800.pk><C:/Users/86133/AppData/Local/Programs/MiKTeX/fonts/type1/public/amsfo
nts/cmextra/cmbsy7.pfb><C:/Users/86133/AppData/Local/Programs/MiKTeX/fonts/type
1/public/amsfonts/cm/cmbx10.pfb><C:/Users/86133/AppData/Local/Programs/MiKTeX/f
onts/type1/public/amsfonts/cm/cmbxti10.pfb><C:/Users/86133/AppData/Local/Progra
ms/MiKTeX/fonts/type1/public/amsfonts/cm/cmex10.pfb><C:/Users/86133/AppData/Loc
al/Programs/MiKTeX/fonts/type1/public/amsfonts/cm/cmmi10.pfb><C:/Users/86133/Ap
pData/Local/Programs/MiKTeX/fonts/type1/public/amsfonts/cm/cmmi6.pfb><C:/Users/
86133/AppData/Local/Programs/MiKTeX/fonts/type1/public/amsfonts/cm/cmmi7.pfb><C
:/Users/86133/AppData/Local/Programs/MiKTeX/fonts/type1/public/amsfonts/cm/cmmi
8.pfb><C:/Users/86133/AppData/Local/Programs/MiKTeX/fonts/type1/public/amsfonts
/cm/cmr10.pfb><C:/Users/86133/AppData/Local/Programs/MiKTeX/fonts/type1/public/
amsfonts/cm/cmr6.pfb><C:/Users/86133/AppData/Local/Programs/MiKTeX/fonts/type1/
public/amsfonts/cm/cmr7.pfb><C:/Users/86133/AppData/Local/Programs/MiKTeX/fonts
/type1/public/amsfonts/cm/cmr8.pfb><C:/Users/86133/AppData/Local/Programs/MiKTe
X/fonts/type1/public/amsfonts/cm/cmsy10.pfb><C:/Users/86133/AppData/Local/Progr
ams/MiKTeX/fonts/type1/public/amsfonts/cm/cmsy6.pfb><C:/Users/86133/AppData/Loc
al/Programs/MiKTeX/fonts/type1/public/amsfonts/cm/cmsy7.pfb><C:/Users/86133/App
Data/Local/Programs/MiKTeX/fonts/type1/public/amsfonts/cm/cmti10.pfb><C:/Users/
86133/AppData/Local/Programs/MiKTeX/fonts/type1/public/amsfonts/cm/cmti8.pfb>
Output written on ws-ijcm.pdf (9 pages, 274137 bytes).
PDF statistics:
 311 PDF objects out of 1000 (max. 8388607)
 50 named destinations out of 1000 (max. 500000)
 89 words of extra memory for PDF output out of 10000 (max. 10000000)

